ncverilog: 14.10-s005: (c) Copyright 1995-2014 Cadence Design Systems, Inc.
TOOL:	ncverilog	14.10-s005: Started on Dec 16, 2017 at 22:14:46 CST
ncverilog
	testbench_pcpi.v
	knn_pcpi.v
	picorv32.v
	+define+COMPRESSED_ISA
	+access+r
Loading snapshot worklib.testbench:v .................... Done
*Verdi3* Loading libsscore_ius141.so
*Verdi3* : Enable Parallel Dumping.
ncsim> source /usr/cad/cadence/INCISIV/cur/tools/inca/files/ncsimrc
ncsim> run

soft:6209436 
soft:6438194 
soft:6684151 
soft:6901393 
soft:7043724 
topk_dist [          0] =    6209436
topk_dist [          1] =    6438194
topk_dist [          2] =    6684151
topk_dist [          3] =    6901393
topk_dist [          4] =    7043724
topk_label[          0] =          4
topk_label[          1] =          6
topk_label[          2] =          4
topk_label[          3] =          6
topk_label[          4] =          3
=================

The result of test image soft_vote_knn [ 0 ]: 4

The result of test image hard_vote_knn [ 0 ]: 4

The answer of test image [ 0 ]: 6
----------------------------------------
soft:11251224 
soft:12148801 
soft:12242330 
soft:12508932 
soft:12604369 
topk_dist [          0] =   11251224
topk_dist [          1] =   12148801
topk_dist [          2] =   12242330
topk_dist [          3] =   12508932
topk_dist [          4] =   12604369
topk_label[          0] =          8
topk_label[          1] =          8
topk_label[          2] =          5
topk_label[          3] =          4
topk_label[          4] =          2
=================

The result of test image soft_vote_knn [ 1 ]: 8

The result of test image hard_vote_knn [ 1 ]: 8

The answer of test image [ 1 ]: 9
----------------------------------------
soft:8378516 
soft:9198539 
soft:9670735 
soft:9900836 
soft:10042958 
topk_dist [          0] =    8378516
topk_dist [          1] =    9198539
topk_dist [          2] =    9670735
topk_dist [          3] =    9900836
topk_dist [          4] =   10042958
topk_label[          0] =          9
topk_label[          1] =          0
topk_label[          2] =          8
topk_label[          3] =          8
topk_label[          4] =          9
=================

The result of test image soft_vote_knn [ 2 ]: 8

The result of test image hard_vote_knn [ 2 ]: 8

The answer of test image [ 2 ]: 9
----------------------------------------
soft:3227295 
soft:4233613 
soft:4397501 
soft:4567371 
soft:4615592 
topk_dist [          0] =    3227295
topk_dist [          1] =    4233613
topk_dist [          2] =    4397501
topk_dist [          3] =    4567371
topk_dist [          4] =    4615592
topk_label[          0] =          6
topk_label[          1] =          4
topk_label[          2] =          6
topk_label[          3] =          2
topk_label[          4] =          6
=================

The result of test image soft_vote_knn [ 3 ]: 6

The result of test image hard_vote_knn [ 3 ]: 6

The answer of test image [ 3 ]: 4
----------------------------------------
soft:8674741 
soft:9578289 
soft:9926594 
soft:10161663 
soft:10433714 
topk_dist [          0] =    8674741
topk_dist [          1] =    9578289
topk_dist [          2] =    9926594
topk_dist [          3] =   10161663
topk_dist [          4] =   10433714
topk_label[          0] =          0
topk_label[          1] =          0
topk_label[          2] =          2
topk_label[          3] =          1
topk_label[          4] =          0
=================

The result of test image soft_vote_knn [ 4 ]: 0

The result of test image hard_vote_knn [ 4 ]: 0

The answer of test image [ 4 ]: 1
----------------------------------------
soft:9055706 
soft:9443854 
soft:9800999 
soft:9904918 
soft:10132375 
topk_dist [          0] =    9055706
topk_dist [          1] =    9443854
topk_dist [          2] =    9800999
topk_dist [          3] =    9904918
topk_dist [          4] =   10132375
topk_label[          0] =          2
topk_label[          1] =          6
topk_label[          2] =          3
topk_label[          3] =          6
topk_label[          4] =          4
=================

The result of test image soft_vote_knn [ 5 ]: 6

The result of test image hard_vote_knn [ 5 ]: 6

The answer of test image [ 5 ]: 1
----------------------------------------
soft:7794884 
soft:7946735 
soft:8123698 
soft:8164494 
soft:8449122 
topk_dist [          0] =    7794884
topk_dist [          1] =    7946735
topk_dist [          2] =    8123698
topk_dist [          3] =    8164494
topk_dist [          4] =    8449122
topk_label[          0] =          2
topk_label[          1] =          2
topk_label[          2] =          6
topk_label[          3] =          4
topk_label[          4] =          2
=================

The result of test image soft_vote_knn [ 6 ]: 2

The result of test image hard_vote_knn [ 6 ]: 2

The answer of test image [ 6 ]: 2
----------------------------------------
soft:10337360 
soft:10388549 
soft:10496489 
soft:10532379 
soft:10576156 
topk_dist [          0] =   10337360
topk_dist [          1] =   10388549
topk_dist [          2] =   10496489
topk_dist [          3] =   10532379
topk_dist [          4] =   10576156
topk_label[          0] =          2
topk_label[          1] =          4
topk_label[          2] =          0
topk_label[          3] =          5
topk_label[          4] =          7
=================

The result of test image soft_vote_knn [ 7 ]: 0

The result of test image hard_vote_knn [ 7 ]: 0

The answer of test image [ 7 ]: 7
----------------------------------------
soft:10293769 
soft:11550218 
soft:11858982 
soft:11862511 
soft:12199188 
topk_dist [          0] =   10293769
topk_dist [          1] =   11550218
topk_dist [          2] =   11858982
topk_dist [          3] =   11862511
topk_dist [          4] =   12199188
topk_label[          0] =          8
topk_label[          1] =          0
topk_label[          2] =          2
topk_label[          3] =          8
topk_label[          4] =          8
=================

The result of test image soft_vote_knn [ 8 ]: 8

The result of test image hard_vote_knn [ 8 ]: 8

The answer of test image [ 8 ]: 8
----------------------------------------
soft:7628070 
soft:10484079 
soft:10698681 
soft:10898724 
soft:11480713 
topk_dist [          0] =    7628070
topk_dist [          1] =   10484079
topk_dist [          2] =   10698681
topk_dist [          3] =   10898724
topk_dist [          4] =   11480713
topk_label[          0] =          0
topk_label[          1] =          0
topk_label[          2] =          3
topk_label[          3] =          2
topk_label[          4] =          6
=================

The result of test image soft_vote_knn [ 9 ]: 0

The result of test image hard_vote_knn [ 9 ]: 0

The answer of test image [ 9 ]: 3
----------------------------------------
soft:1978445 
soft:2010192 
soft:2677112 
soft:2898614 
soft:3029661 
topk_dist [          0] =    1978445
topk_dist [          1] =    2010192
topk_dist [          2] =    2677112
topk_dist [          3] =    2898614
topk_dist [          4] =    3029661
topk_label[          0] =          4
topk_label[          1] =          2
topk_label[          2] =          0
topk_label[          3] =          6
topk_label[          4] =          2
=================

The result of test image soft_vote_knn [ 10 ]: 2

The result of test image hard_vote_knn [ 10 ]: 2

The answer of test image [ 10 ]: 4
----------------------------------------
soft:10781520 
soft:10893928 
soft:11043237 
soft:11082965 
soft:11274971 
topk_dist [          0] =   10781520
topk_dist [          1] =   10893928
topk_dist [          2] =   11043237
topk_dist [          3] =   11082965
topk_dist [          4] =   11274971
topk_label[          0] =          0
topk_label[          1] =          8
topk_label[          2] =          8
topk_label[          3] =          8
topk_label[          4] =          2
=================

The result of test image soft_vote_knn [ 11 ]: 8

The result of test image hard_vote_knn [ 11 ]: 8

The answer of test image [ 11 ]: 7
----------------------------------------
soft:8003062 
soft:8779610 
soft:8802074 
soft:9193559 
soft:9340099 
topk_dist [          0] =    8003062
topk_dist [          1] =    8779610
topk_dist [          2] =    8802074
topk_dist [          3] =    9193559
topk_dist [          4] =    9340099
topk_label[          0] =          9
topk_label[          1] =          8
topk_label[          2] =          8
topk_label[          3] =          7
topk_label[          4] =          8
=================

The result of test image soft_vote_knn [ 12 ]: 8

The result of test image hard_vote_knn [ 12 ]: 8

The answer of test image [ 12 ]: 7
----------------------------------------
soft:10954353 
soft:12830830 
soft:13312139 
soft:14049888 
soft:14603430 
topk_dist [          0] =   10954353
topk_dist [          1] =   12830830
topk_dist [          2] =   13312139
topk_dist [          3] =   14049888
topk_dist [          4] =   14603430
topk_label[          0] =          4
topk_label[          1] =          6
topk_label[          2] =          5
topk_label[          3] =          4
topk_label[          4] =          3
=================

The result of test image soft_vote_knn [ 13 ]: 4

The result of test image hard_vote_knn [ 13 ]: 4

The answer of test image [ 13 ]: 2
----------------------------------------
soft:8760723 
soft:9193904 
soft:9360168 
soft:9365245 
soft:9593729 
topk_dist [          0] =    8760723
topk_dist [          1] =    9193904
topk_dist [          2] =    9360168
topk_dist [          3] =    9365245
topk_dist [          4] =    9593729
topk_label[          0] =          4
topk_label[          1] =          2
topk_label[          2] =          0
topk_label[          3] =          9
topk_label[          4] =          6
=================

The result of test image soft_vote_knn [ 14 ]: 0

The result of test image hard_vote_knn [ 14 ]: 0

The answer of test image [ 14 ]: 9
----------------------------------------
soft:5140861 
soft:6964106 
soft:7049828 
soft:7179452 
soft:7492668 
topk_dist [          0] =    5140861
topk_dist [          1] =    6964106
topk_dist [          2] =    7049828
topk_dist [          3] =    7179452
topk_dist [          4] =    7492668
topk_label[          0] =          8
topk_label[          1] =          8
topk_label[          2] =          8
topk_label[          3] =          8
topk_label[          4] =          0
=================

The result of test image soft_vote_knn [ 15 ]: 8

The result of test image hard_vote_knn [ 15 ]: 8

The answer of test image [ 15 ]: 9
----------------------------------------
soft:6529830 
soft:7281808 
soft:7991002 
soft:8536583 
soft:8596993 
topk_dist [          0] =    6529830
topk_dist [          1] =    7281808
topk_dist [          2] =    7991002
topk_dist [          3] =    8536583
topk_dist [          4] =    8596993
topk_label[          0] =          8
topk_label[          1] =          0
topk_label[          2] =          0
topk_label[          3] =          1
topk_label[          4] =          8
=================

The result of test image soft_vote_knn [ 16 ]: 0

The result of test image hard_vote_knn [ 16 ]: 0

The answer of test image [ 16 ]: 9
----------------------------------------
soft:5694300 
soft:5695306 
soft:5728702 
soft:6263185 
soft:6301700 
topk_dist [          0] =    5694300
topk_dist [          1] =    5695306
topk_dist [          2] =    5728702
topk_dist [          3] =    6263185
topk_dist [          4] =    6301700
topk_label[          0] =          2
topk_label[          1] =          3
topk_label[          2] =          6
topk_label[          3] =          6
topk_label[          4] =          4
=================

The result of test image soft_vote_knn [ 17 ]: 6

The result of test image hard_vote_knn [ 17 ]: 6

The answer of test image [ 17 ]: 3
----------------------------------------
soft:9371846 
soft:9462884 
soft:9576983 
soft:9629986 
soft:10014817 
topk_dist [          0] =    9371846
topk_dist [          1] =    9462884
topk_dist [          2] =    9576983
topk_dist [          3] =    9629986
topk_dist [          4] =   10014817
topk_label[          0] =          6
topk_label[          1] =          7
topk_label[          2] =          6
topk_label[          3] =          4
topk_label[          4] =          6
=================

The result of test image soft_vote_knn [ 18 ]: 6

The result of test image hard_vote_knn [ 18 ]: 6

The answer of test image [ 18 ]: 2
----------------------------------------
soft:6318100 
soft:8106694 
soft:8449288 
soft:8583333 
soft:8711779 
topk_dist [          0] =    6318100
topk_dist [          1] =    8106694
topk_dist [          2] =    8449288
topk_dist [          3] =    8583333
topk_dist [          4] =    8711779
topk_label[          0] =          4
topk_label[          1] =          8
topk_label[          2] =          4
topk_label[          3] =          8
topk_label[          4] =          6
=================

The result of test image soft_vote_knn [ 19 ]: 4

The result of test image hard_vote_knn [ 19 ]: 4

The answer of test image [ 19 ]: 6
----------------------------------------
soft:5722845 
soft:6327454 
soft:7058509 
soft:7301632 
soft:7820594 
topk_dist [          0] =    5722845
topk_dist [          1] =    6327454
topk_dist [          2] =    7058509
topk_dist [          3] =    7301632
topk_dist [          4] =    7820594
topk_label[          0] =          0
topk_label[          1] =          0
topk_label[          2] =          3
topk_label[          3] =          0
topk_label[          4] =          2
=================

The result of test image soft_vote_knn [ 20 ]: 0

The result of test image hard_vote_knn [ 20 ]: 0

The answer of test image [ 20 ]: 4
----------------------------------------
soft:18004536 
soft:18598023 
soft:19584974 
soft:20028005 
soft:20261779 
topk_dist [          0] =   18004536
topk_dist [          1] =   18598023
topk_dist [          2] =   19584974
topk_dist [          3] =   20028005
topk_dist [          4] =   20261779
topk_label[          0] =          6
topk_label[          1] =          2
topk_label[          2] =          6
topk_label[          3] =          5
topk_label[          4] =          2
=================

The result of test image soft_vote_knn [ 21 ]: 2

The result of test image hard_vote_knn [ 21 ]: 2

The answer of test image [ 21 ]: 3
----------------------------------------
soft:3978316 
soft:4471314 
soft:4824844 
soft:4852596 
soft:4917007 
topk_dist [          0] =    3978316
topk_dist [          1] =    4471314
topk_dist [          2] =    4824844
topk_dist [          3] =    4852596
topk_dist [          4] =    4917007
topk_label[          0] =          6
topk_label[          1] =          6
topk_label[          2] =          2
topk_label[          3] =          0
topk_label[          4] =          6
=================

The result of test image soft_vote_knn [ 22 ]: 6

The result of test image hard_vote_knn [ 22 ]: 6

The answer of test image [ 22 ]: 6
----------------------------------------
soft:3930779 
soft:4348217 
soft:4811786 
soft:4861152 
soft:4927417 
topk_dist [          0] =    3930779
topk_dist [          1] =    4348217
topk_dist [          2] =    4811786
topk_dist [          3] =    4861152
topk_dist [          4] =    4927417
topk_label[          0] =          4
topk_label[          1] =          4
topk_label[          2] =          4
topk_label[          3] =          2
topk_label[          4] =          6
=================

The result of test image soft_vote_knn [ 23 ]: 4

The result of test image hard_vote_knn [ 23 ]: 4

The answer of test image [ 23 ]: 6
----------------------------------------
soft:6803659 
soft:6901321 
soft:7064076 
soft:7224577 
soft:7438588 
topk_dist [          0] =    6803659
topk_dist [          1] =    6901321
topk_dist [          2] =    7064076
topk_dist [          3] =    7224577
topk_dist [          4] =    7438588
topk_label[          0] =          2
topk_label[          1] =          6
topk_label[          2] =          4
topk_label[          3] =          0
topk_label[          4] =          2
=================

The result of test image soft_vote_knn [ 24 ]: 2

The result of test image hard_vote_knn [ 24 ]: 2

The answer of test image [ 24 ]: 2
----------------------------------------
soft:7523555 
soft:7646379 
soft:7819137 
soft:8427055 
soft:8476723 
topk_dist [          0] =    7523555
topk_dist [          1] =    7646379
topk_dist [          2] =    7819137
topk_dist [          3] =    8427055
topk_dist [          4] =    8476723
topk_label[          0] =          4
topk_label[          1] =          8
topk_label[          2] =          6
topk_label[          3] =          8
topk_label[          4] =          7
=================

The result of test image soft_vote_knn [ 25 ]: 8

The result of test image hard_vote_knn [ 25 ]: 8

The answer of test image [ 25 ]: 6
----------------------------------------
soft:6002040 
soft:6822295 
soft:7051635 
soft:7243555 
soft:7538396 
topk_dist [          0] =    6002040
topk_dist [          1] =    6822295
topk_dist [          2] =    7051635
topk_dist [          3] =    7243555
topk_dist [          4] =    7538396
topk_label[          0] =          6
topk_label[          1] =          6
topk_label[          2] =          2
topk_label[          3] =          4
topk_label[          4] =          2
=================

The result of test image soft_vote_knn [ 26 ]: 2

The result of test image hard_vote_knn [ 26 ]: 2

The answer of test image [ 26 ]: 3
----------------------------------------
soft:6428344 
soft:6563406 
soft:6813120 
soft:6934113 
soft:7224580 
topk_dist [          0] =    6428344
topk_dist [          1] =    6563406
topk_dist [          2] =    6813120
topk_dist [          3] =    6934113
topk_dist [          4] =    7224580
topk_label[          0] =          4
topk_label[          1] =          2
topk_label[          2] =          2
topk_label[          3] =          2
topk_label[          4] =          2
=================

The result of test image soft_vote_knn [ 27 ]: 2

The result of test image hard_vote_knn [ 27 ]: 2

The answer of test image [ 27 ]: 5
----------------------------------------
soft:7334299 
soft:7341793 
soft:7602181 
soft:7692812 
soft:7718259 
topk_dist [          0] =    7334299
topk_dist [          1] =    7341793
topk_dist [          2] =    7602181
topk_dist [          3] =    7692812
topk_dist [          4] =    7718259
topk_label[          0] =          4
topk_label[          1] =          4
topk_label[          2] =          2
topk_label[          3] =          8
topk_label[          4] =          4
=================

The result of test image soft_vote_knn [ 28 ]: 4

The result of test image hard_vote_knn [ 28 ]: 4

The answer of test image [ 28 ]: 4
----------------------------------------
soft:15681011 
soft:15683696 
soft:16372423 
soft:16387128 
soft:16480390 
topk_dist [          0] =   15681011
topk_dist [          1] =   15683696
topk_dist [          2] =   16372423
topk_dist [          3] =   16387128
topk_dist [          4] =   16480390
topk_label[          0] =          0
topk_label[          1] =          8
topk_label[          2] =          0
topk_label[          3] =          9
topk_label[          4] =          0
=================

The result of test image soft_vote_knn [ 29 ]: 0

The result of test image hard_vote_knn [ 29 ]: 0

The answer of test image [ 29 ]: 0
----------------------------------------
soft:4533947 
soft:4555824 
soft:4993341 
soft:5186347 
soft:5330044 
topk_dist [          0] =    4533947
topk_dist [          1] =    4555824
topk_dist [          2] =    4993341
topk_dist [          3] =    5186347
topk_dist [          4] =    5330044
topk_label[          0] =          2
topk_label[          1] =          4
topk_label[          2] =          7
topk_label[          3] =          6
topk_label[          4] =          4
=================

The result of test image soft_vote_knn [ 30 ]: 4

The result of test image hard_vote_knn [ 30 ]: 4

The answer of test image [ 30 ]: 0
----------------------------------------
soft:6188121 
soft:7029768 
soft:7364824 
soft:8071403 
soft:8322913 
topk_dist [          0] =    6188121
topk_dist [          1] =    7029768
topk_dist [          2] =    7364824
topk_dist [          3] =    8071403
topk_dist [          4] =    8322913
topk_label[          0] =          8
topk_label[          1] =          4
topk_label[          2] =          8
topk_label[          3] =          0
topk_label[          4] =          9
=================

The result of test image soft_vote_knn [ 31 ]: 8

The result of test image hard_vote_knn [ 31 ]: 8

The answer of test image [ 31 ]: 9
----------------------------------------
soft:12064776 
soft:12418673 
soft:13108936 
soft:13114253 
soft:13152491 
topk_dist [          0] =   12064776
topk_dist [          1] =   12418673
topk_dist [          2] =   13108936
topk_dist [          3] =   13114253
topk_dist [          4] =   13152491
topk_label[          0] =          1
topk_label[          1] =          4
topk_label[          2] =          6
topk_label[          3] =          0
topk_label[          4] =          6
=================

The result of test image soft_vote_knn [ 32 ]: 6

The result of test image hard_vote_knn [ 32 ]: 6

The answer of test image [ 32 ]: 1
----------------------------------------
soft:4231402 
soft:6615761 
soft:7270015 
soft:7495374 
soft:7594292 
topk_dist [          0] =    4231402
topk_dist [          1] =    6615761
topk_dist [          2] =    7270015
topk_dist [          3] =    7495374
topk_dist [          4] =    7594292
topk_label[          0] =          3
topk_label[          1] =          2
topk_label[          2] =          6
topk_label[          3] =          5
topk_label[          4] =          2
=================

The result of test image soft_vote_knn [ 33 ]: 2

The result of test image hard_vote_knn [ 33 ]: 2

The answer of test image [ 33 ]: 3
----------------------------------------
soft:6286882 
soft:6931131 
soft:7023501 
soft:7251349 
soft:7255476 
topk_dist [          0] =    6286882
topk_dist [          1] =    6931131
topk_dist [          2] =    7023501
topk_dist [          3] =    7251349
topk_dist [          4] =    7255476
topk_label[          0] =          2
topk_label[          1] =          6
topk_label[          2] =          8
topk_label[          3] =          2
topk_label[          4] =          8
=================

The result of test image soft_vote_knn [ 34 ]: 2

The result of test image hard_vote_knn [ 34 ]: 2

The answer of test image [ 34 ]: 4
----------------------------------------
soft:8875611 
soft:9478464 
soft:9562037 
soft:9595029 
soft:9698389 
topk_dist [          0] =    8875611
topk_dist [          1] =    9478464
topk_dist [          2] =    9562037
topk_dist [          3] =    9595029
topk_dist [          4] =    9698389
topk_label[          0] =          2
topk_label[          1] =          6
topk_label[          2] =          2
topk_label[          3] =          2
topk_label[          4] =          7
=================

The result of test image soft_vote_knn [ 35 ]: 2

The result of test image hard_vote_knn [ 35 ]: 2

The answer of test image [ 35 ]: 0
----------------------------------------
soft:6490657 
soft:7712553 
soft:7781683 
soft:8149061 
soft:8419310 
topk_dist [          0] =    6490657
topk_dist [          1] =    7712553
topk_dist [          2] =    7781683
topk_dist [          3] =    8149061
topk_dist [          4] =    8419310
topk_label[          0] =          6
topk_label[          1] =          0
topk_label[          2] =          0
topk_label[          3] =          2
topk_label[          4] =          2
=================

The result of test image soft_vote_knn [ 36 ]: 0

The result of test image hard_vote_knn [ 36 ]: 0

The answer of test image [ 36 ]: 3
----------------------------------------
soft:5032714 
soft:5054533 
soft:5272662 
soft:5366069 
soft:5383405 
topk_dist [          0] =    5032714
topk_dist [          1] =    5054533
topk_dist [          2] =    5272662
topk_dist [          3] =    5366069
topk_dist [          4] =    5383405
topk_label[          0] =          2
topk_label[          1] =          2
topk_label[          2] =          4
topk_label[          3] =          0
topk_label[          4] =          4
=================

The result of test image soft_vote_knn [ 37 ]: 2

The result of test image hard_vote_knn [ 37 ]: 2

The answer of test image [ 37 ]: 7
----------------------------------------
soft:10892011 
soft:10960035 
soft:11456861 
soft:11741110 
soft:12494642 
topk_dist [          0] =   10892011
topk_dist [          1] =   10960035
topk_dist [          2] =   11456861
topk_dist [          3] =   11741110
topk_dist [          4] =   12494642
topk_label[          0] =          8
topk_label[          1] =          0
topk_label[          2] =          8
topk_label[          3] =          3
topk_label[          4] =          9
=================

The result of test image soft_vote_knn [ 38 ]: 8

The result of test image hard_vote_knn [ 38 ]: 8

The answer of test image [ 38 ]: 3
----------------------------------------
soft:4898358 
soft:5165277 
soft:5421907 
soft:5829544 
soft:6139581 
topk_dist [          0] =    4898358
topk_dist [          1] =    5165277
topk_dist [          2] =    5421907
topk_dist [          3] =    5829544
topk_dist [          4] =    6139581
topk_label[          0] =          0
topk_label[          1] =          3
topk_label[          2] =          4
topk_label[          3] =          4
topk_label[          4] =          6
=================

The result of test image soft_vote_knn [ 39 ]: 4

The result of test image hard_vote_knn [ 39 ]: 4

The answer of test image [ 39 ]: 3
----------------------------------------
soft:7619857 
soft:8837442 
soft:9259714 
soft:9608967 
soft:9745278 
topk_dist [          0] =    7619857
topk_dist [          1] =    8837442
topk_dist [          2] =    9259714
topk_dist [          3] =    9608967
topk_dist [          4] =    9745278
topk_label[          0] =          2
topk_label[          1] =          8
topk_label[          2] =          4
topk_label[          3] =          2
topk_label[          4] =          2
=================

The result of test image soft_vote_knn [ 40 ]: 2

The result of test image hard_vote_knn [ 40 ]: 2

The answer of test image [ 40 ]: 5
----------------------------------------
soft:8489667 
soft:10142203 
soft:10708839 
soft:10795823 
soft:11864533 
topk_dist [          0] =    8489667
topk_dist [          1] =   10142203
topk_dist [          2] =   10708839
topk_dist [          3] =   10795823
topk_dist [          4] =   11864533
topk_label[          0] =          2
topk_label[          1] =          2
topk_label[          2] =          6
topk_label[          3] =          0
topk_label[          4] =          0
=================

The result of test image soft_vote_knn [ 41 ]: 0

The result of test image hard_vote_knn [ 41 ]: 0

The answer of test image [ 41 ]: 2
----------------------------------------
soft:2411968 
soft:3160096 
soft:3878209 
soft:3932944 
soft:3940615 
topk_dist [          0] =    2411968
topk_dist [          1] =    3160096
topk_dist [          2] =    3878209
topk_dist [          3] =    3932944
topk_dist [          4] =    3940615
topk_label[          0] =          2
topk_label[          1] =          2
topk_label[          2] =          4
topk_label[          3] =          4
topk_label[          4] =          4
=================

The result of test image soft_vote_knn [ 42 ]: 4

The result of test image hard_vote_knn [ 42 ]: 4

The answer of test image [ 42 ]: 2
----------------------------------------
soft:9631028 
soft:10636651 
soft:10838931 
soft:10974332 
soft:10982920 
topk_dist [          0] =    9631028
topk_dist [          1] =   10636651
topk_dist [          2] =   10838931
topk_dist [          3] =   10974332
topk_dist [          4] =   10982920
topk_label[          0] =          4
topk_label[          1] =          5
topk_label[          2] =          5
topk_label[          3] =          2
topk_label[          4] =          2
=================

The result of test image soft_vote_knn [ 43 ]: 2

The result of test image hard_vote_knn [ 43 ]: 2

The answer of test image [ 43 ]: 7
----------------------------------------
soft:7455815 
soft:7646385 
soft:7686772 
soft:7695654 
soft:8365328 
topk_dist [          0] =    7455815
topk_dist [          1] =    7646385
topk_dist [          2] =    7686772
topk_dist [          3] =    7695654
topk_dist [          4] =    8365328
topk_label[          0] =          6
topk_label[          1] =          4
topk_label[          2] =          0
topk_label[          3] =          3
topk_label[          4] =          6
=================

The result of test image soft_vote_knn [ 44 ]: 6

The result of test image hard_vote_knn [ 44 ]: 6

The answer of test image [ 44 ]: 1
----------------------------------------
soft:11156029 
soft:11558888 
soft:11562402 
soft:11619972 
soft:11661148 
topk_dist [          0] =   11156029
topk_dist [          1] =   11558888
topk_dist [          2] =   11562402
topk_dist [          3] =   11619972
topk_dist [          4] =   11661148
topk_label[          0] =          6
topk_label[          1] =          6
topk_label[          2] =          4
topk_label[          3] =          6
topk_label[          4] =          4
=================

The result of test image soft_vote_knn [ 45 ]: 6

The result of test image hard_vote_knn [ 45 ]: 6

The answer of test image [ 45 ]: 1
----------------------------------------
soft:10697561 
soft:11398236 
soft:12381102 
soft:12505438 
soft:12934313 
topk_dist [          0] =   10697561
topk_dist [          1] =   11398236
topk_dist [          2] =   12381102
topk_dist [          3] =   12505438
topk_dist [          4] =   12934313
topk_label[          0] =          0
topk_label[          1] =          8
topk_label[          2] =          2
topk_label[          3] =          0
topk_label[          4] =          3
=================

The result of test image soft_vote_knn [ 46 ]: 0

The result of test image hard_vote_knn [ 46 ]: 0

The answer of test image [ 46 ]: 1
----------------------------------------
soft:3609909 
soft:3735752 
soft:3918159 
soft:4046572 
soft:4605380 
topk_dist [          0] =    3609909
topk_dist [          1] =    3735752
topk_dist [          2] =    3918159
topk_dist [          3] =    4046572
topk_dist [          4] =    4605380
topk_label[          0] =          0
topk_label[          1] =          0
topk_label[          2] =          4
topk_label[          3] =          0
topk_label[          4] =          0
=================

The result of test image soft_vote_knn [ 47 ]: 0

The result of test image hard_vote_knn [ 47 ]: 0

The answer of test image [ 47 ]: 2
----------------------------------------
soft:5685558 
soft:6481862 
soft:6872396 
soft:6886222 
soft:7113029 
topk_dist [          0] =    5685558
topk_dist [          1] =    6481862
topk_dist [          2] =    6872396
topk_dist [          3] =    6886222
topk_dist [          4] =    7113029
topk_label[          0] =          2
topk_label[          1] =          0
topk_label[          2] =          6
topk_label[          3] =          2
topk_label[          4] =          5
=================

The result of test image soft_vote_knn [ 48 ]: 2

The result of test image hard_vote_knn [ 48 ]: 2

The answer of test image [ 48 ]: 2
----------------------------------------
soft:13680079 
soft:13980928 
soft:14146697 
soft:15221965 
soft:15419157 
topk_dist [          0] =   13680079
topk_dist [          1] =   13980928
topk_dist [          2] =   14146697
topk_dist [          3] =   15221965
topk_dist [          4] =   15419157
topk_label[          0] =          0
topk_label[          1] =          3
topk_label[          2] =          0
topk_label[          3] =          0
topk_label[          4] =          0
=================

The result of test image soft_vote_knn [ 49 ]: 0

The result of test image hard_vote_knn [ 49 ]: 0

The answer of test image [ 49 ]: 0
----------------------------------------
accuracy: 16%

Cycle counter ........468261229
Instruction counter .. 6484797
CPI: 72.97
Status:DONE

------------------------------------------------------------
EBREAK instruction at 0x000004A4
pc  000004A7    x8  00000000    x16 40300000    x24 00000003
x1  00000474    x9  00000000    x17 00000000    x25 00000001
x2  00300000    x10 20000000    x18 00000002    x26 00009002
x3  DEADBEEF    x11 20002704    x19 00000160    x27 00009002
x4  DEADBEEF    x12 0000004F    x20 00000000    x28 00000000
x5  0000130E    x13 0000004E    x21 00000015    x29 00000000
x6  00000008    x14 00000045    x22 000004A4    x30 00000000
x7  00000000    x15 000001E0    x23 000004A4    x31 000000C4
------------------------------------------------------------
Number of fast external IRQs counted: 0
Number of slow external IRQs counted: 0
Number of timer IRQs counted: 0
TRAP after 468342773 clock cycles
ALL TESTS PASSED.
Simulation complete via $finish(1) at time 4683428830 NS + 1
./testbench_pcpi.v:297 				$finish;
ncsim> exit
TOOL:	ncverilog	14.10-s005: Exiting on Dec 16, 2017 at 22:20:30 CST  (total: 00:05:44)
