ncsim 14.10-s005
Linux 2.6.32-696.1.1.el6.x86_64 #1 SMP Tue Apr 11 17:13:24 UTC 2017 x86_64
CPU cores: 32
Limit information:
======================================
cputime			unlimited
filesize		unlimited
datasize		unlimited
stacksize		10240 kbytes
coredumpsize	0 kbytes
memoryuse		unlimited
vmemoryuse		unlimited
descriptors		4096
memorylocked	64 kbytes
maxproc			1024
======================================
(Special)Runtime environment variables:

Runtime environment variables:
LC_PAPER=en_US.UTF-8
REMOTEHOST=nthucad
MANPATH=:/usr/cad/synopsys/synthesis/cur/doc/syn/man:/usr/cad/synopsys/coreconsultant/cur/doc/dware/man
LC_ADDRESS=en_US.UTF-8
LC_MONETARY=en_US.UTF-8
HOSTNAME=ic57.cs.nthu.edu.tw
COWARE_MONITORS_PATH=/users/course/2017F/cs412500/dsd29/.synopsys/monitors:/usr/cad/synopsys/pa_virtualizer/cur/SLS/linux/IP
SNPS_VP_PRODUCT=PA
HOST=ic57.cs.nthu.edu.tw
TERM=xterm
SHELL=/bin/tcsh
MAKEFLAGS=
COWARE_AUX_BIN=/usr/cad/synopsys/pa_virtualizer/cur/SLS/linux/common/bin
SSH_CLIENT=192.168.75.200 57819 22
COWARE_CXX_COMPILER=gcc-4.7.2
SNPS_VIEW_CONFIG_PATH=/users/course/2017F/cs412500/dsd29/.synopsys/viewconfig:/usr/cad/synopsys/pa_virtualizer/cur/SLS/linux/IP:/usr/cad/synopsys/pa_virtualizer/cur/SLS/linux/common/etc/viewconfig
SNPS_VP_DOC=/usr/cad/synopsys/pa_virtualizer/vJ-2014.12/Documentation
LC_NUMERIC=en_US.UTF-8
QTDIR=/usr/lib64/qt-3.3
QTINC=/usr/lib64/qt-3.3/include
SSH_TTY=/dev/pts/8
CWR_USING_LNX_KERNEL_THREADS=1
GROUP=cs412500
USER=dsd29
LC_TELEPHONE=en_US.UTF-8
LD_LIBRARY_PATH=/usr/cad/cadence/INCISIV/cur/tools/lib:/usr/cad/cadence/INCISIV/cur/tools/vtools/vfault/lib:::/usr/cad/cadence/EDI/cur//tools/tlfUtil/lib:/usr/cad/cadence/CTOS/cur/tools.lnx86/ctos/lib:/usr/cad/cadence/MMSIM/cur/tools/lib:/usr/cad/cadence/EXT/cur/tools/lib:/usr/cad/cadence/ETS/cur/tools/lib:/usr/cad/cadence/CONFRML/cur/tools/lib:/usr/cad/cadence/IC/cur/tools/lib:/usr/cad/synopsys/pa_virtualizer/cur/SLS/linux/dmtools/lib:/usr/cad/synopsys/pa_virtualizer/cur/SLS/linux/pc/lib:/usr/cad/synopsys/pa_virtualizer/cur/SLS/linux/common/lib-any:/usr/cad/synopsys/pa_virtualizer/cur/SLS/linux/common/libso-gcc-4.7.2:/usr/cad/synopsys/pa_virtualizer/cur/SLS/linux/gnu/gcc-4.7.2/lib:/usr/cad/synopsys/verdi/cur/share/PLI/IUS/LINUX/:/usr/cad/synopsys/pa_virtualizer/cur/SLS/linux/dmtools/lib:/lib
LS_COLORS=rs=0:di=01;34:ln=01;36:mh=00:pi=40;33:so=01;35:do=01;35:bd=40;33;01:cd=40;33;01:or=40;31;01:mi=01;05;37;41:su=37;41:sg=30;43:ca=30;41:tw=30;42:ow=34;42:st=37;44:ex=01;32:*.tar=01;31:*.tgz=01;31:*.arj=01;31:*.taz=01;31:*.lzh=01;31:*.lzma=01;31:*.tlz=01;31:*.txz=01;31:*.zip=01;31:*.z=01;31:*.Z=01;31:*.dz=01;31:*.gz=01;31:*.lz=01;31:*.xz=01;31:*.bz2=01;31:*.tbz=01;31:*.tbz2=01;31:*.bz=01;31:*.tz=01;31:*.deb=01;31:*.rpm=01;31:*.jar=01;31:*.rar=01;31:*.ace=01;31:*.zoo=01;31:*.cpio=01;31:*.7z=01;31:*.rz=01;31:*.jpg=01;35:*.jpeg=01;35:*.gif=01;35:*.bmp=01;35:*.pbm=01;35:*.pgm=01;35:*.ppm=01;35:*.tga=01;35:*.xbm=01;35:*.xpm=01;35:*.tif=01;35:*.tiff=01;35:*.png=01;35:*.svg=01;35:*.svgz=01;35:*.mng=01;35:*.pcx=01;35:*.mov=01;35:*.mpg=01;35:*.mpeg=01;35:*.m2v=01;35:*.mkv=01;35:*.ogm=01;35:*.mp4=01;35:*.m4v=01;35:*.mp4v=01;35:*.vob=01;35:*.qt=01;35:*.nuv=01;35:*.wmv=01;35:*.asf=01;35:*.rm=01;35:*.rmvb=01;35:*.flc=01;35:*.avi=01;35:*.fli=01;35:*.flv=01;35:*.gl=01;35:*.dl=01;35:*.xcf=01;35:*.xwd=01;35:*.yuv=01;35:*.cgm=01;35:*.emf=01;35:*.axv=01;35:*.anx=01;35:*.ogv=01;35:*.ogx=01;35:*.aac=01;36:*.au=01;36:*.flac=01;36:*.mid=01;36:*.midi=01;36:*.mka=01;36:*.mp3=01;36:*.mpc=01;36:*.ogg=01;36:*.ra=01;36:*.wav=01;36:*.axa=01;36:*.oga=01;36:*.spx=01;36:*.xspf=01;36:
COWAREHOME=/usr/cad/synopsys/pa_virtualizer/cur/SLS/linux
HOSTTYPE=x86_64-linux
ENCOUNTER=/usr/cad/cadence/EDI/cur/tools/fe
MAKELEVEL=1
MFLAGS=
SNPS_VP_HOME=/usr/cad/synopsys/pa_virtualizer/cur/SLS/linux
MAIL=/var/spool/mail/dsd29
COWARE_PRODUCT=PA
PATH=/usr/cad/cadence/INCISIV/cur/tools/bin:/usr/cad/cadence/INCISIV/cur/tools/vtools/vfault/bin:/usr/cad/cadence/INCISIV/cur/tools/dfII/bin:/usr/cad/cadence/EDI/cur/tools/celtic/bin:/usr/cad/cadence/EDI/cur/tools/plato/bin:/usr/cad/cadence/EDI/cur/tools/dfII/bin:/usr/cad/cadence/EDI/cur/tools/fe/bin:/usr/cad/cadence/EDI/cur/tools/cdsdoc/bin:/usr/cad/cadence/EDI/cur/tools/bin:/usr/cad/cadence/EDI/cur//tools/tlfUtil/bin:/usr/cad/cadence/CTOS/cur/tools.lnx86/ctos/bin:/usr/cad/cadence/MMSIM/cur/tools/dfII/bin:/usr/cad/cadence/MMSIM/cur/tools/bin:/usr/cad/cadence/EXT/cur/tools/bin:/usr/cad/cadence/ETS/cur/tools/bin:/usr/cad/cadence/CONFRML/cur/./bin:/usr/cad/cadence/CONFRML/cur/tools/bin:/usr/cad/cadence/IC/cur/tools/dfII/bin:/usr/cad/cadence/IC/cur/tools/dracula/bin:/usr/cad/cadence/IC/cur/tools/bin:/usr/cad/synopsys/pa_virtualizer/cur/SLS/linux/pc/bin:/usr/cad/synopsys/pa_virtualizer/cur/SLS/linux/InnoGUI/Innovator/Bin:/usr/cad/synopsys/pa_virtualizer/cur/SLS/linux/tools/bin:/usr/cad/synopsys/icc/cur/amd64/syn/bin:/usr/bin/X11:/usr/cad/synopsys/coreconsultant/cur/bin:/usr/cad/synopsys/verdi/cur/bin:/usr/cad/synopsys/verdi/cur/nLint/bin:/usr/cad/synopsys/vcs-mx/cur/bin:/usr/cad/synopsys/vcs-mx/cur/linux/bin:/usr/cad/synopsys/vcs-mx/cur/linux/util:/usr/cad/synopsys/vcs-mx/cur/linux/flexlm:/usr/bin/X11:/usr/cad/synopsys/synthesis/cur/amd64/syn/bin:/usr/cad/synopsys/lc/cur/bin:/usr/bin/X11:/usr/cad/synopsys/primetime/cur/amd64/syn/bin:/usr/lib64/qt-3.3/bin:/usr/local/bin:/bin:/usr/bin
LC_IDENTIFICATION=en_US.UTF-8
SNPS_VP_HTYPE=linux
INPUTRC=/etc/inputrc
OAHOME=/usr/cad/cadence/oa_v22.04.073
PWD=/users/course/2017F/cs412500/dsd29/hw6
VCS_HOME=/usr/cad/synopsys/vcs-mx/cur
LANG=en_US.UTF-8
KDE_IS_PRELINKED=1
PCTHOME=/usr/cad/synopsys/pa_virtualizer/cur/SLS/linux/pc
VERPLEX_HOME=/usr/cad/cadence/CONFRML/cur
LC_MEASUREMENT=en_US.UTF-8
SYNTHESIS=/usr/cad/synopsys/synthesis/cur
KDEDIRS=/usr
OA_HOME=/usr/cad/cadence/EDI/cur/oa
COWARE_JRE=/usr/cad/synopsys/pa_virtualizer/cur/SLS/linux/../linux/java
VCS_CC=gcc
CDS_Netlisting_Mode=Analog
SYNOPSYS=/usr/cad/synopsys/icc/cur
PRIMETIME=/usr/cad/synopsys/primetime/cur
LM_LICENSE_FILE=5280@lsnctu:5280@lscic:26585@lscic:26585@lsnctu:8224@lscic.cic.org.tw
SSH_ASKPASS=/usr/libexec/openssh/gnome-ssh-askpass
SHLVL=2
HOME=/users/course/2017F/cs412500/dsd29
OSTYPE=linux
COWAREDOC_INSTALLED_AT=/usr/cad/synopsys/pa_virtualizer/vJ-2014.12/Documentation
VENDOR=unknown
LOGNAME=dsd29
MACHTYPE=x86_64
CVS_RSH=ssh
QTLIB=/usr/lib64/qt-3.3/lib
SSH_CONNECTION=192.168.75.200 57819 192.168.75.27 22
LC_CTYPE=en_US.UTF-8
LESSOPEN=||/usr/bin/lesspipe.sh %s
SHLIB_PATH=/usr/cad/synopsys/verdi/cur/share/PLI/IUS/LINUX
COWAREHT=linux
DISPLAY=localhost:12.0
SYN_MAN_DIR=/usr/cad/synopsys/synthesis/cur/doc/syn/man
LC_TIME=en_US.UTF-8
SOFT_MAN_DIR=/usr/cad/synopsys/coreconsultant/cur/doc/dware/man
G_BROKEN_FILENAMES=1
LC_NAME=en_US.UTF-8
_=/usr/cad/cadence/INCISIV/cur/tools/bin/ncverilog
_IRUNROOT_=/usr/cad/cadence/INCISIV/cur/tools
CDS_ARCH=lnx86
NCRUNMODE=ncverilog:./INCA_libs/irun.lnx86.14.10.nc
IRUNBATCH=FALSE
IMPERAS_PORT_FILE=.vsp_ovp_gdb_port
TCL_LIBRARY=/usr/cad/cadence/INCISIV/cur/tools/inca/files/tcl/library
Runtime command line arguments:
argv[0]=ncverilog
argv[1]=testbench_pcpi.v
argv[2]=knn_pcpi.v
argv[3]=picorv32.v
argv[4]=+define+COMPRESSED_ISA
argv[5]=+access+r
110 profile - 100
          CPU/Mem usage: 0.060 sys,  0.060 user,  81.40M sys,  0.00M vm
111 VC callback profile - scalar:0 vector:0
112 Sun Dec 17 02:33:28 2017
113 pliAppInit
114 *Verdi3* : Enable Parallel Dumping.
115 pliAppMiscSet: New Sim Round
116 pliEntryInit
117 LIBSSCORE=found /usr/cad/synopsys/verdi/cur/share/PLI/IUS/LINUX/libsscore_ius141.so through $LD_LIBRARY_PATH setting.
118 argv[0]: testbench.fsdb
119 argv[0]: 0
120 argv[1]: (handle)0xa561dd8 testbench
121 Catch signal 11. Stack trace follows:
#0  0xf7713430 in __kernel_vsyscall ()
#1  0x006f97f3 in __read_nocancel () from /lib/libc.so.6
#2  0x0069348b in _IO_new_file_underflow () from /lib/libc.so.6
#3  0x006951ab in _IO_default_uflow_internal () from /lib/libc.so.6
#4  0x006967ba in __uflow () from /lib/libc.so.6
#5  0x006890cc in _IO_getline_info_internal () from /lib/libc.so.6
#6  0x00689011 in _IO_getline_internal () from /lib/libc.so.6
#7  0x00687f4a in fgets () from /lib/libc.so.6
#8  0xf4e91c5a in ndpGetCallStack () from /usr/cad/synopsys/verdi/cur/share/PLI/IUS/LINUX/libsscore_ius141.so
#9  0xf4ec8e13 in pliAppDbg_SigHandler () from /usr/cad/synopsys/verdi/cur/share/PLI/IUS/LINUX/libsscore_ius141.so
#10 0xf4e9164d in catchSignalCB () from /usr/cad/synopsys/verdi/cur/share/PLI/IUS/LINUX/libsscore_ius141.so
#11 <signal handler called>
#12 0x0a39c832 in ?? ()
#13 0x0a40433c in ?? ()
122 Sim process exit
